{"level":"info","message":"Phase 2 Secure App running on port 3000","timestamp":"2026-06-09T04:41:50.861Z"}
{"level":"info","message":"GET /","timestamp":"2026-06-09T04:42:08.776Z"}
{"level":"info","message":"GET /favicon.ico","timestamp":"2026-06-09T04:42:09.012Z"}
{"level":"info","message":"GET /","timestamp":"2026-06-09T04:43:08.631Z"}
{"level":"info","message":"GET /","timestamp":"2026-06-09T04:43:33.684Z"}
{"level":"info","message":"GET /signup","timestamp":"2026-06-09T04:44:19.643Z"}
{"level":"info","message":"GET /login","timestamp":"2026-06-09T04:44:40.548Z"}
{"level":"info","message":"GET /login","timestamp":"2026-06-09T04:44:49.853Z"}
{"level":"info","message":"GET /login","timestamp":"2026-06-09T04:45:01.043Z"}
{"level":"info","message":"GET /signup","timestamp":"2026-06-09T04:45:15.835Z"}
{"level":"info","message":"Phase 2 Secure App running on port 3000","timestamp":"2026-06-09T04:50:21.113Z"}
{"level":"info","message":"POST /signup","timestamp":"2026-06-09T04:50:25.732Z"}
{"email":"theprime@gmail.com","level":"info","message":"User created","timestamp":"2026-06-09T04:50:25.885Z"}
{"level":"info","message":"GET /login","timestamp":"2026-06-09T04:50:25.902Z"}
{"level":"info","message":"POST /login","timestamp":"2026-06-09T04:50:31.132Z"}
{"email":"secure@test.com","level":"warn","message":"Failed login attempt","timestamp":"2026-06-09T04:50:31.137Z"}
{"level":"info","message":"GET /signup","timestamp":"2026-06-09T04:50:33.830Z"}
{"level":"info","message":"GET /login","timestamp":"2026-06-09T04:50:36.006Z"}
{"level":"info","message":"POST /signup","timestamp":"2026-06-09T04:50:42.923Z"}
{"error":"UNIQUE constraint failed: users.email","level":"error","message":"Signup error","timestamp":"2026-06-09T04:50:43.085Z"}
{"level":"info","message":"GET /login","timestamp":"2026-06-09T04:50:45.921Z"}
{"level":"info","message":"POST /login","timestamp":"2026-06-09T04:50:54.189Z"}
{"level":"info","message":"User logged in","timestamp":"2026-06-09T04:50:54.372Z","userId":1}
{"level":"info","message":"GET /profile","timestamp":"2026-06-09T04:50:54.400Z"}
{"level":"info","message":"GET /.well-known/appspecific/com.chrome.devtools.json","timestamp":"2026-06-09T04:51:50.960Z"}
{"level":"info","message":"GET /profile","timestamp":"2026-06-09T04:52:36.638Z"}
{"level":"info","message":"GET /.well-known/appspecific/com.chrome.devtools.json","timestamp":"2026-06-09T04:52:36.753Z"}
{"level":"info","message":"GET /","timestamp":"2026-06-09T04:52:40.227Z"}
{"level":"info","message":"GET /.well-known/appspecific/com.chrome.devtools.json","timestamp":"2026-06-09T04:52:40.361Z"}
{"level":"info","message":"GET /","timestamp":"2026-06-09T04:52:42.947Z"}
{"level":"info","message":"GET /.well-known/appspecific/com.chrome.devtools.json","timestamp":"2026-06-09T04:52:43.059Z"}
{"level":"info","message":"GET /","timestamp":"2026-06-09T04:55:10.026Z"}
{"level":"info","message":"GET /","timestamp":"2026-06-09T04:55:10.067Z"}
{"level":"info","message":"GET /","timestamp":"2026-06-09T04:55:10.103Z"}
{"level":"info","message":"GET /","timestamp":"2026-06-09T04:55:10.139Z"}
{"level":"info","message":"GET /","timestamp":"2026-06-09T04:55:10.175Z"}
{"level":"info","message":"GET /","timestamp":"2026-06-09T04:55:10.209Z"}
{"level":"info","message":"GET /","timestamp":"2026-06-09T04:55:10.243Z"}
{"level":"info","message":"GET /","timestamp":"2026-06-09T04:55:10.278Z"}
{"level":"info","message":"GET /","timestamp":"2026-06-09T04:55:10.312Z"}
{"level":"info","message":"GET /","timestamp":"2026-06-09T04:55:10.347Z"}
{"level":"info","message":"GET /","timestamp":"2026-06-09T04:55:10.384Z"}
{"level":"info","message":"GET /","timestamp":"2026-06-09T04:55:10.419Z"}
{"level":"info","message":"GET /","timestamp":"2026-06-09T04:55:10.454Z"}
{"level":"info","message":"GET /","timestamp":"2026-06-09T04:55:10.488Z"}
{"level":"info","message":"GET /","timestamp":"2026-06-09T04:55:10.523Z"}
{"level":"info","message":"GET /","timestamp":"2026-06-09T04:55:10.559Z"}
{"level":"info","message":"GET /","timestamp":"2026-06-09T04:55:10.593Z"}
{"level":"info","message":"GET /","timestamp":"2026-06-09T04:55:10.628Z"}
{"level":"info","message":"GET /","timestamp":"2026-06-09T04:55:10.667Z"}
{"level":"info","message":"GET /","timestamp":"2026-06-09T04:55:10.704Z"}
{"level":"info","message":"GET /","timestamp":"2026-06-09T04:55:10.739Z"}
{"level":"info","message":"GET /","timestamp":"2026-06-09T04:55:10.780Z"}
{"level":"info","message":"GET /","timestamp":"2026-06-09T04:55:10.817Z"}
{"level":"info","message":"GET /","timestamp":"2026-06-09T04:55:10.851Z"}
{"level":"info","message":"GET /","timestamp":"2026-06-09T04:55:10.885Z"}
{"level":"info","message":"GET /","timestamp":"2026-06-09T04:55:10.921Z"}
{"level":"info","message":"GET /","timestamp":"2026-06-09T04:55:10.955Z"}
{"level":"info","message":"GET /","timestamp":"2026-06-09T04:55:10.994Z"}
{"level":"info","message":"GET /","timestamp":"2026-06-09T04:55:11.031Z"}
{"level":"info","message":"GET /","timestamp":"2026-06-09T04:55:11.074Z"}
{"level":"info","message":"GET /","timestamp":"2026-06-09T04:55:11.112Z"}
{"level":"info","message":"GET /","timestamp":"2026-06-09T04:55:11.147Z"}
{"level":"info","message":"GET /","timestamp":"2026-06-09T04:55:11.175Z"}
{"level":"info","message":"GET /","timestamp":"2026-06-09T04:55:11.203Z"}
{"level":"info","message":"GET /","timestamp":"2026-06-09T04:55:11.227Z"}
{"level":"info","message":"GET /","timestamp":"2026-06-09T04:55:11.252Z"}
{"level":"info","message":"GET /","timestamp":"2026-06-09T04:55:11.277Z"}
{"level":"info","message":"GET /","timestamp":"2026-06-09T04:55:11.301Z"}
{"level":"info","message":"GET /","timestamp":"2026-06-09T04:55:11.325Z"}
{"level":"info","message":"GET /","timestamp":"2026-06-09T04:55:11.343Z"}
{"level":"info","message":"GET /","timestamp":"2026-06-09T04:55:11.360Z"}
{"level":"info","message":"GET /","timestamp":"2026-06-09T04:55:11.377Z"}
{"level":"info","message":"GET /","timestamp":"2026-06-09T04:55:11.394Z"}
{"level":"info","message":"GET /","timestamp":"2026-06-09T04:55:11.413Z"}
{"level":"info","message":"GET /","timestamp":"2026-06-09T04:55:11.434Z"}
{"level":"info","message":"GET /","timestamp":"2026-06-09T04:55:11.453Z"}
{"level":"info","message":"GET /","timestamp":"2026-06-09T04:55:11.472Z"}
{"level":"info","message":"GET /","timestamp":"2026-06-09T04:55:11.492Z"}
{"level":"info","message":"GET /","timestamp":"2026-06-09T04:55:11.515Z"}
{"level":"info","message":"GET /","timestamp":"2026-06-09T04:55:11.541Z"}
{"level":"info","message":"GET /","timestamp":"2026-06-09T04:55:11.571Z"}
{"level":"info","message":"GET /","timestamp":"2026-06-09T04:55:11.600Z"}
{"level":"info","message":"GET /","timestamp":"2026-06-09T04:55:11.637Z"}
{"level":"info","message":"GET /","timestamp":"2026-06-09T04:55:11.671Z"}
{"level":"info","message":"GET /","timestamp":"2026-06-09T04:55:11.706Z"}
{"level":"info","message":"GET /","timestamp":"2026-06-09T04:55:11.740Z"}
{"level":"info","message":"GET /","timestamp":"2026-06-09T04:55:11.774Z"}
{"level":"info","message":"GET /","timestamp":"2026-06-09T04:55:11.809Z"}
{"level":"info","message":"GET /","timestamp":"2026-06-09T04:55:11.844Z"}
{"level":"info","message":"GET /","timestamp":"2026-06-09T04:55:11.881Z"}
{"level":"info","message":"GET /","timestamp":"2026-06-09T04:55:11.929Z"}
{"level":"info","message":"GET /","timestamp":"2026-06-09T04:55:11.970Z"}
{"level":"info","message":"GET /","timestamp":"2026-06-09T04:55:12.009Z"}
{"level":"info","message":"GET /","timestamp":"2026-06-09T04:55:12.051Z"}
{"level":"info","message":"GET /","timestamp":"2026-06-09T04:55:12.089Z"}
{"level":"info","message":"GET /","timestamp":"2026-06-09T04:55:12.115Z"}
{"level":"info","message":"GET /","timestamp":"2026-06-09T04:55:12.139Z"}
{"level":"info","message":"GET /","timestamp":"2026-06-09T04:55:12.164Z"}
{"level":"info","message":"GET /","timestamp":"2026-06-09T04:55:12.188Z"}
{"level":"info","message":"GET /","timestamp":"2026-06-09T04:55:12.213Z"}
{"level":"info","message":"GET /","timestamp":"2026-06-09T04:55:12.240Z"}
{"level":"info","message":"GET /","timestamp":"2026-06-09T04:55:12.266Z"}
{"level":"info","message":"GET /","timestamp":"2026-06-09T04:55:12.293Z"}
{"level":"info","message":"GET /","timestamp":"2026-06-09T04:55:12.321Z"}
{"level":"info","message":"GET /","timestamp":"2026-06-09T04:55:12.345Z"}
{"level":"info","message":"GET /","timestamp":"2026-06-09T04:55:12.370Z"}
{"level":"info","message":"GET /","timestamp":"2026-06-09T04:55:12.402Z"}
{"level":"info","message":"GET /","timestamp":"2026-06-09T04:55:12.437Z"}
{"level":"info","message":"GET /","timestamp":"2026-06-09T04:55:12.476Z"}
{"level":"info","message":"GET /","timestamp":"2026-06-09T04:55:12.512Z"}
{"level":"info","message":"GET /","timestamp":"2026-06-09T04:55:12.547Z"}
{"level":"info","message":"GET /","timestamp":"2026-06-09T04:55:12.585Z"}
{"level":"info","message":"GET /","timestamp":"2026-06-09T04:55:12.619Z"}
{"level":"info","message":"GET /","timestamp":"2026-06-09T04:55:12.653Z"}
{"level":"info","message":"Phase 2 Secure App running on port 3000","timestamp":"2026-06-09T04:58:47.307Z"}
{"level":"info","message":"GET /api/users","timestamp":"2026-06-09T04:58:54.001Z"}
{"level":"info","message":"GET /api/users","timestamp":"2026-06-09T04:59:00.530Z"}
{"level":"info","message":"Phase 2 Secure App running on port 3000","timestamp":"2026-06-09T05:00:13.442Z"}
{"level":"info","message":"Phase 2 Secure App running on port 3000","timestamp":"2026-06-09T05:01:19.171Z"}
{"level":"info","message":"POST /login","timestamp":"2026-06-09T05:01:23.128Z"}
{"email":"hacker@test.com","level":"warn","message":"Failed login attempt","timestamp":"2026-06-09T05:01:23.132Z"}
{"level":"info","message":"POST /login","timestamp":"2026-06-09T05:01:25.027Z"}
{"email":"hacker@test.com","level":"warn","message":"Failed login attempt","timestamp":"2026-06-09T05:01:25.031Z"}
{"level":"info","message":"POST /login","timestamp":"2026-06-09T05:01:26.022Z"}
{"email":"hacker@test.com","level":"warn","message":"Failed login attempt","timestamp":"2026-06-09T05:01:26.024Z"}
{"level":"info","message":"POST /login","timestamp":"2026-06-09T05:01:27.180Z"}
{"email":"hacker@test.com","level":"warn","message":"Failed login attempt","timestamp":"2026-06-09T05:01:27.182Z"}
{"level":"info","message":"POST /login","timestamp":"2026-06-09T05:01:27.979Z"}
{"email":"hacker@test.com","level":"warn","message":"Failed login attempt","timestamp":"2026-06-09T05:01:27.982Z"}
{"level":"info","message":"POST /login","timestamp":"2026-06-09T05:01:28.677Z"}
{"email":"hacker@test.com","level":"warn","message":"Failed login attempt","timestamp":"2026-06-09T05:01:28.679Z"}
{"level":"info","message":"POST /login","timestamp":"2026-06-09T05:01:32.437Z"}
{"email":"hacker@test.com","level":"warn","message":"Failed login attempt","timestamp":"2026-06-09T05:01:32.438Z"}
{"level":"info","message":"POST /login","timestamp":"2026-06-09T05:01:33.121Z"}
{"email":"hacker@test.com","level":"warn","message":"Failed login attempt","timestamp":"2026-06-09T05:01:33.122Z"}
{"level":"info","message":"POST /login","timestamp":"2026-06-09T05:01:33.746Z"}
{"email":"hacker@test.com","level":"warn","message":"Failed login attempt","timestamp":"2026-06-09T05:01:33.747Z"}
{"level":"info","message":"POST /login","timestamp":"2026-06-09T05:01:34.235Z"}
{"email":"hacker@test.com","level":"warn","message":"Failed login attempt","timestamp":"2026-06-09T05:01:34.237Z"}
{"level":"info","message":"POST /login","timestamp":"2026-06-09T05:01:34.993Z"}
{"email":"hacker@test.com","level":"warn","message":"Failed login attempt","timestamp":"2026-06-09T05:01:34.994Z"}
